<?xml version="1.0" encoding="UTF-8"?>
<testng-results skipped="0" failed="0" ignored="0" total="5" passed="5">
  <reporter-output>
  </reporter-output>
  <suite name="Default suite" duration-ms="151" started-at="2021-02-25T16:22:35Z" finished-at="2021-02-25T16:22:35Z">
    <groups>
    </groups>
    <test name="Default test" duration-ms="151" started-at="2021-02-25T16:22:35Z" finished-at="2021-02-25T16:22:35Z">
      <class name="testMethods.UnitTestPhoneNumber">
        <test-method status="PASS" signature="TC1_ValidTenDigits()[pri:0, instance:testMethods.UnitTestPhoneNumber@d8355a8]" name="TC1_ValidTenDigits" duration-ms="29" started-at="2021-02-25T16:22:35Z" finished-at="2021-02-25T16:22:35Z">
          <reporter-output>
          </reporter-output>
        </test-method> <!-- TC1_ValidTenDigits -->
        <test-method status="PASS" signature="TC2_phoneNumebrWith10Characters()[pri:0, instance:testMethods.UnitTestPhoneNumber@d8355a8]" name="TC2_phoneNumebrWith10Characters" duration-ms="4" started-at="2021-02-25T16:22:35Z" finished-at="2021-02-25T16:22:35Z">
          <reporter-output>
          </reporter-output>
        </test-method> <!-- TC2_phoneNumebrWith10Characters -->
        <test-method status="PASS" signature="TC3_phoneNumebrWithMixCharactersandNumber()[pri:0, instance:testMethods.UnitTestPhoneNumber@d8355a8]" name="TC3_phoneNumebrWithMixCharactersandNumber" duration-ms="4" started-at="2021-02-25T16:22:35Z" finished-at="2021-02-25T16:22:35Z">
          <reporter-output>
          </reporter-output>
        </test-method> <!-- TC3_phoneNumebrWithMixCharactersandNumber -->
        <test-method status="PASS" signature="TC4_phoneNumebrWithMoreThan10Digit()[pri:0, instance:testMethods.UnitTestPhoneNumber@d8355a8]" name="TC4_phoneNumebrWithMoreThan10Digit" duration-ms="5" started-at="2021-02-25T16:22:35Z" finished-at="2021-02-25T16:22:35Z">
          <reporter-output>
          </reporter-output>
        </test-method> <!-- TC4_phoneNumebrWithMoreThan10Digit -->
        <test-method status="PASS" signature="TC5_phoneNumebrWithLessThan10Digit()[pri:0, instance:testMethods.UnitTestPhoneNumber@d8355a8]" name="TC5_phoneNumebrWithLessThan10Digit" duration-ms="4" started-at="2021-02-25T16:22:35Z" finished-at="2021-02-25T16:22:35Z">
          <reporter-output>
          </reporter-output>
        </test-method> <!-- TC5_phoneNumebrWithLessThan10Digit -->
      </class> <!-- testMethods.UnitTestPhoneNumber -->
    </test> <!-- Default test -->
  </suite> <!-- Default suite -->
</testng-results>
